1536520519447	geckodriver	INFO	geckodriver 0.21.0
1536520519465	geckodriver	INFO	Listening on 127.0.0.1:56683
1536520522300	mozrunner::runner	INFO	Running command: "C:\\Program Files\\Mozilla Firefox\\firefox.exe" "-marionette" "-foreground" "-no-remote" "-profile" "C:\\Users\\pgandhi\\AppData\\Local\\Temp\\rust_mozprofile.Do0zVm94Bam5"
1536520525507	Marionette	INFO	Listening on port 56691
1536520525736	Marionette	WARN	TLS certificate errors will be ignored for this session
1536520525799	Marionette	DEBUG	[6442450945] Frame script loaded
1536520525810	Marionette	DEBUG	[6442450945] Frame script registered
1536520525838	Marionette	DEBUG	[6442450945] Received DOM event beforeunload for about:blank
1536520525873	Marionette	DEBUG	[6442450945] Received DOM event pagehide for about:blank
1536520525873	Marionette	DEBUG	[6442450945] Received DOM event unload for about:blank
1536520525874	Marionette	DEBUG	[6442450945] Received observer notification outer-window-destroyed for 6442450945
[Child 17452, Chrome_ChildThread] WARNING: pipe error: 109: file z:/build/build/src/ipc/chromium/src/chrome/common/ipc_channel_win.cc, line 346
[Child 17452, Chrome_ChildThread] WA1536520526468	Marionette	DEBUG	[8589934593] Frame script loaded
1536520526470	Marionette	DEBUG	[8589934593] Frame script registered
1536520526526	Marionette	DEBUG	[8589934593] Check readyState uninitialized for about:blank
1536520526564	Marionette	DEBUG	[8589934593] Received DOM event DOMContentLoaded for file:///C:/Users/pgandhi/Documents/Selenium/Ex_Files_Python_Automation_Testing/Ex_Files_Python_Automation_Testing/Exercise%20Files/CH02/html_code_02.html
1536520526617	Marionette	DEBUG	[8589934593] Received DOM event pageshow for file:///C:/Users/pgandhi/Documents/Selenium/Ex_Files_Python_Automation_Testing/Ex_Files_Python_Automation_Testing/Exercise%20Files/CH02/html_code_02.html
1536520526711	Marionette	INFO	Stopped listening on port 56691
[Parent 38724, Gecko_IOThread] WARNING: pipe error: 109: file z:/build/build/src/ipc/chromium/src/chrome/common/ipc_channel_win.cc, line 346
[Parent 38724, Gecko_IOThread] WARNING: pipe error: 109: file z:/build/build/src/ipc/chromium/src/chrome/common/ipc_channel_win.cc, line 346
[Child 19540, Chrome_ChildThread] WARNING: pipe error: 109: file z:/build/build/src/ipc/chromium/src/chrome/common/ipc_channel_win.cc, line 346
[Ch
###!!! [Child][MessageChannel::SendAndWait] Error: Channel error: cannot send/recv

1536520690748	geckodriver	INFO	geckodriver 0.21.0
1536520690770	geckodriver	INFO	Listening on 127.0.0.1:56776
1536520693518	mozrunner::runner	INFO	Running command: "C:\\Program Files\\Mozilla Firefox\\firefox.exe" "-marionette" "-foreground" "-no-remote" "-profile" "C:\\Users\\pgandhi\\AppData\\Local\\Temp\\rust_mozprofile.lQvXL8Tkedyp"
1536520696980	Marionette	INFO	Listening on port 56784
1536520697020	Marionette	WARN	TLS certificate errors will be ignored for this session
1536520697092	Marionette	DEBUG	[6442450945] Frame script loaded
1536520697105	Marionette	DEBUG	[6442450945] Frame script registered
1536520697152	Marionette	DEBUG	[6442450945] Received DOM event beforeunload for about:blank
1536520697177	Marionette	DEBUG	[6442450945] Received DOM event pagehide for about:blank
1536520697177	Marionette	DEBUG	[6442450945] Received DOM event unload for about:blank
1536520697178	Marionette	DEBUG	[6442450945] Received observer notification outer-window-destroyed for 6442450945
[Child 16508, Chrome_ChildThread] WARNING: pipe error: 109: file z:/build/build/src/ipc/chromium/src/chrome/common/ipc_channel_win.cc, line 346
[Child 165081536520697917	Marionette	DEBUG	[8589934593] Frame script loaded
1536520697921	Marionette	DEBUG	[8589934593] Frame script registered
1536520697994	Marionette	DEBUG	[8589934593] Check readyState uninitialized for about:blank
1536520698044	Marionette	DEBUG	[8589934593] Received DOM event DOMContentLoaded for file:///C:/Users/pgandhi/Documents/Selenium/Ex_Files_Python_Automation_Testing/Ex_Files_Python_Automation_Testing/Exercise%20Files/CH02/html_code_02.html
1536520698102	Marionette	DEBUG	[8589934593] Received DOM event pageshow for file:///C:/Users/pgandhi/Documents/Selenium/Ex_Files_Python_Automation_Testing/Ex_Files_Python_Automation_Testing/Exercise%20Files/CH02/html_code_02.html
1536520698223	Marionette	INFO	Stopped listening on port 56784
[Child 13212, Chrome_ChildThread] WARNING: pipe error: 109: file z:/build/build/src/ipc/chromium/src/chrome/common/ipc_channel_win.cc, line 346
[Child 13212, Chrome_ChildThread] WAR[Child 36040, Chrome_ChildThread] WARNING: pipe error: 109: file z:/build/build/src/ipc/chromium/src/chrome/common/ipc_channel_win.cc, line 346
[Child 36040, Chrome_ChildTh[G
###!!! [Child][MessageChannel::SendAndWait] Error: Channel error: cannot send/recv

1536521131598	geckodriver	INFO	geckodriver 0.21.0
1536521131620	geckodriver	INFO	Listening on 127.0.0.1:57068
1536521134318	mozrunner::runner	INFO	Running command: "C:\\Program Files\\Mozilla Firefox\\firefox.exe" "-marionette" "-foreground" "-no-remote" "-profile" "C:\\Users\\pgandhi\\AppData\\Local\\Temp\\rust_mozprofile.MdNPWTv70hTK"
1536521137356	Marionette	INFO	Listening on port 57077
1536521137687	Marionette	WARN	TLS certificate errors will be ignored for this session
1536521137744	Marionette	DEBUG	[6442450945] Frame script loaded
1536521137747	Marionette	DEBUG	[6442450945] Frame script registered
1536521137763	Marionette	DEBUG	[6442450945] Received DOM event beforeunload for about:blank
1536521137775	Marionette	DEBUG	[6442450945] Received DOM event pagehide for about:blank
1536521137776	Marionette	DEBUG	[6442450945] Received DOM event unload for about:blank
1536521137777	Marionette	DEBUG	[6442450945] Received observer notification outer-window-destroyed for 6442450945
[Parent 29896, Gecko_IOThread] WARNING: pipe error: 109: file z:/build/build/src/ipc/chromium/src/chrome/common/ipc_channel_win.cc, line 346
[Child 26700, Chrome_ChildThread] WARNING: pipe error: 109: file z:/build/build/src/ipc/chromium/src/chrome/common/ipc_channel_win.cc, line 346
[Child 1536521138361	Marionette	DEBUG	[8589934593] Frame script loaded
1536521138363	Marionette	DEBUG	[8589934593] Frame script registered
1536521138442	Marionette	DEBUG	[8589934593] Check readyState uninitialized for about:blank
1536521138464	Marionette	DEBUG	[8589934593] Received DOM event DOMContentLoaded for file:///C:/Users/pgandhi/Documents/Selenium/Ex_Files_Python_Automation_Testing/Ex_Files_Python_Automation_Testing/Exercise%20Files/CH02/html_code_02.html
1536521138535	Marionette	DEBUG	[8589934593] Received DOM event pageshow for file:///C:/Users/pgandhi/Documents/Selenium/Ex_Files_Python_Automation_Testing/Ex_Files_Python_Automation_Testing/Exercise%20Files/CH02/html_code_02.html
1536521138635	Marionette	INFO	Stopped listening on port 57077
[Parent 29896, Gecko_IOThread] WARNING: pipe error: 109: file z:/build/build/src/ipc/chromium/src/chrome/common/ipc_channel_win.cc, line 346
[Parent 29896, Gecko_IOThread] WARNING: pipe error: 109: file z:/build/build/src/ipc/chromium/src/chrome/common/ipc_channel_win.cc, line 346
[Child 37784, Chrome_ChildThread] WARNING: pipe error: 109: file z:/build/build/src/ipc/chromium/src/chrome/common/ipc_channel_win.cc, line 346
[Child [Parent 29896, Gecko_IOThread] WARNING: pipe error: 109: file z:/build/build/src/ipc/chromium/src/chrome/common/ipc_channel_win.cc, line 346
[GPU 85
###!!! [Child][MessageChannel::SendAndWait] Error: Channel error: cannot send/recv

1536521318061	geckodriver	INFO	geckodriver 0.21.0
1536521318092	geckodriver	INFO	Listening on 127.0.0.1:57191
1536521320751	mozrunner::runner	INFO	Running command: "C:\\Program Files\\Mozilla Firefox\\firefox.exe" "-marionette" "-foreground" "-no-remote" "-profile" "C:\\Users\\pgandhi\\AppData\\Local\\Temp\\rust_mozprofile.5TL3hUvcbVCI"
1536521323958	Marionette	INFO	Listening on port 57201
1536521324103	Marionette	WARN	TLS certificate errors will be ignored for this session
1536521324188	Marionette	DEBUG	[6442450945] Frame script loaded
1536521324189	Marionette	DEBUG	[6442450945] Frame script registered
1536521324212	Marionette	DEBUG	[6442450945] Received DOM event beforeunload for about:blank
1536521324230	Marionette	DEBUG	[6442450945] Received DOM event pagehide for about:blank
1536521324230	Marionette	DEBUG	[6442450945] Received DOM event unload for about:blank
1536521324231	Marionette	DEBUG	[6442450945] Received observer notification outer-window-destroyed for 6442450945
[Child 10096, Chrome_ChildThread] WARNING: pipe error: 109: file z:/build/build/src/ipc/chromium/src/chrome/common/ipc_channel_win.cc, line 346
[Child 10096, Chrome_Chil1536521324792	Marionette	DEBUG	[8589934593] Frame script loaded
1536521324795	Marionette	DEBUG	[8589934593] Frame script registered
1536521324876	Marionette	DEBUG	[8589934593] Check readyState uninitialized for about:blank
1536521324915	Marionette	DEBUG	[8589934593] Received DOM event DOMContentLoaded for file:///C:/Users/pgandhi/Documents/Selenium/Ex_Files_Python_Automation_Testing/Ex_Files_Python_Automation_Testing/Exercise%20Files/CH02/html_code_02.html
1536521324975	Marionette	DEBUG	[8589934593] Received DOM event pageshow for file:///C:/Users/pgandhi/Documents/Selenium/Ex_Files_Python_Automation_Testing/Ex_Files_Python_Automation_Testing/Exercise%20Files/CH02/html_code_02.html
1536521325043	Marionette	INFO	Stopped listening on port 57201
1536521325086	addons.xpi	WARN	Exception running bootstrap method shutdown on activity-stream@mozilla.org: TypeError: setting getter-only property "_currentSearchHostname" (resource://activity-stream/lib/TopSitesFeed.jsm:86:5) JS Stack trace: uninit@TopSitesFeed.jsm:86:5
onAction@TopSitesFeed.jsm:707:9
_middleware/</<@Store.jsm:51:11
Store/this[method]@Store.jsm:29:55
uninit@Store.jsm:170:7
uninit@ActivityStream.jsm:363:5
uninit@resource://gre/modules/addons/XPIProvider.jsm -> jar:file:///C:/Program%20Files/Mozilla%20Firefox/browser/features/activity-stream@bootstrap.js:86:5
shutdown@resource://gre/modules/addons/XPIProvider.jsm -> jar:file:///C:/Program%20Files/Mozilla%20Firefox/browser/features/activity-stream@bootstrap.js:194:3
callBootstrapMethod@XPIProvider.jsm:1588:20
_shutdown@XPIProvider.jsm:1724:12
flushAllWindowsAsync@SessionStore.jsm:1697:7
ssi_onQuitApplicationGranted/<@SessionStore.jsm:1624:27
trigger@AsyncShutdown.jsm:710:23
_wait@AsyncShutdown.jsm:857:7
wait@AsyncShutdown.jsm:841:28
observe@AsyncShutdown.jsm:524:17
GeckoDriver.prototype.quit@driver.js:3319:3
despatch@server.js:297:20
execute@server.js:271:11
onPacket/<@server.js:246:15
onPacket@server.js:245:8
_onJSONObjectReady/<@transport.js:500:9
[Parent 648, Gecko_IOThread] WARNING: pipe error: 109: file z:/build/build/src/ipc/chromium/src/chrome/common/ipc_channel_win.cc, line 346
[Child 10864, Chrome_ChildThread] WARNING: pipe error: 109: file z:/build/build/src/ipc/chromium/src/chrome/common/ipc_channel_win.cc, line 346
[Child 10864, Chrome_ChildThread] WARNING: pipe error: 109: file z:/build/build/src/ipc/chromium/src/chrome/common/ipc_channel_win.cc, line 346
[Child 2[Parent 648, Gecko_IOThread] WARNING: pipe error: 109: file z:/build/build/src/ipc/chromium/src/chrome/common/ipc_channel_win.cc, line 346
[Child 2508, Chrome_ChildThread] WARNING: pipe error: 109: file z:/build/build/src/ipc/chromium/src/chrome/common/ipc_channel_win.cc, line 346
[Chi[GPU 
###!!! [Child][MessageChannel::SendAndWait] Error: Channel error: cannot send/recv

1536522072109	geckodriver	INFO	geckodriver 0.21.0
1536522072124	geckodriver	INFO	Listening on 127.0.0.1:57733
1536522075054	mozrunner::runner	INFO	Running command: "C:\\Program Files\\Mozilla Firefox\\firefox.exe" "-marionette" "-foreground" "-no-remote" "-profile" "C:\\Users\\pgandhi\\AppData\\Local\\Temp\\rust_mozprofile.270GbHUAg920"
1536522077713	Marionette	INFO	Listening on port 57741
1536522077950	Marionette	WARN	TLS certificate errors will be ignored for this session
1536522077991	Marionette	DEBUG	[6442450945] Frame script loaded
1536522077993	Marionette	DEBUG	[6442450945] Frame script registered
1536522078011	Marionette	DEBUG	[6442450945] Received DOM event beforeunload for about:blank
1536522078895	Marionette	DEBUG	[6442450945] Received DOM event pagehide for about:blank
1536522079856	Marionette	DEBUG	[6442450945] Received DOM event DOMContentLoaded for https://www.seleniumhq.org/
1536522080098	Marionette	DEBUG	[6442450945] Received DOM event pageshow for https://www.seleniumhq.org/
1536522080222	Marionette	INFO	Stopped listening on port 57741
[Parent 28396, Gecko_IOThread] WARNING: pipe error: 109: file z:/build/build/src/ipc/chromium/src/chrome/common/ipc_channel_win.cc, line 346
[Child 33872, Chrome_ChildThread] WARNING: pipe error: 109: file z:/build/build/src/ipc/chromium/src/chrome/common/ipc_channel_win.cc, line 346
[Child [Parent 28396, Gecko_IOThread] WARNING: pipe error: 109: file z:/build/build/src/ipc/chromium/src/chrome/common/ipc_channel_win.cc, line 346
[Parent 28396, Gecko_IOThread] WARNING: pipe error: 109: file z:/build/build/src/ipc/chromium/src/chrome/common/ipc_channel_win.cc, line 346
[Child 31896, Chrome_ChildThread] WARNING: pipe error: 109: file z:/build/build/src/ipc/chromium/src/chrome/common/ipc_channel_win.cc, line 346
[Child
###!!! [Child][MessageChannel::SendAndWait] Error: Channel error: cannot send/recv

1536522458551	geckodriver	INFO	geckodriver 0.21.0
1536522458582	geckodriver	INFO	Listening on 127.0.0.1:58023
1536522461284	mozrunner::runner	INFO	Running command: "C:\\Program Files\\Mozilla Firefox\\firefox.exe" "-marionette" "-foreground" "-no-remote" "-profile" "C:\\Users\\pgandhi\\AppData\\Local\\Temp\\rust_mozprofile.eTAhkLeYl2Sh"
1536522464081	Marionette	INFO	Listening on port 58039
1536522464162	Marionette	WARN	TLS certificate errors will be ignored for this session
1536522464255	Marionette	DEBUG	[6442450945] Frame script loaded
1536522464263	Marionette	DEBUG	[6442450945] Frame script registered
1536522464287	Marionette	DEBUG	[6442450945] Received DOM event beforeunload for about:blank
1536522465469	Marionette	DEBUG	[6442450945] Received DOM event pagehide for about:blank
1536522466222	Marionette	DEBUG	[6442450945] Received DOM event DOMContentLoaded for https://www.python.org/
1536522466968	Marionette	DEBUG	[6442450945] Received DOM event pageshow for https://www.python.org/
1536522471138	Marionette	INFO	Stopped listening on port 58039
[Child 22188, Chrome_ChildThread] WARNING: pipe error: 109: file z:/build/build/src/ipc/chromium/src/chrome/common/ipc_channel_win.cc, line 346
[Child [Parent 16516, Gecko_IOThread] WARNING: pipe error: 109: file z:/build/build/src/ipc/chromium/src/chrome/common/ipc_channel_win.cc, line 346
[Child 29444, Chrome_ChildThread] WARNING: pipe error: 109: file z:/build/build/src/ipc/chromium/src/chrome/common/ipc_channel_win.cc, line 346
[Child 2[GPU 2
###!!! [Child][MessageChannel::SendAndWait] Error: Channel error: cannot send/recv

1536523198678	geckodriver	INFO	geckodriver 0.21.0
1536523198704	geckodriver	INFO	Listening on 127.0.0.1:58492
1536523201117	mozrunner::runner	INFO	Running command: "C:\\Program Files\\Mozilla Firefox\\firefox.exe" "-marionette" "-foreground" "-no-remote" "-profile" "C:\\Users\\pgandhi\\AppData\\Local\\Temp\\rust_mozprofile.ZlNuEXEZuUGi"
1536523204720	Marionette	INFO	Listening on port 58500
1536523205103	Marionette	WARN	TLS certificate errors will be ignored for this session
1536523205153	Marionette	DEBUG	[6442450945] Frame script loaded
1536523205155	Marionette	DEBUG	[6442450945] Frame script registered
1536523205174	Marionette	DEBUG	[6442450945] Received DOM event beforeunload for about:blank
1536523205189	Marionette	DEBUG	[6442450945] Received DOM event pagehide for about:blank
1536523205189	Marionette	DEBUG	[6442450945] Received DOM event unload for about:blank
1536523205190	Marionette	DEBUG	[6442450945] Received observer notification outer-window-destroyed for 6442450945
[Child 37988, Chrome_ChildThread] WARNING: pipe error: 109: file z:/build/build/src/ipc/chromium/src/chrome/common/ipc_channel_win.cc, line 346
[Chil1536523205800	Marionette	DEBUG	[8589934593] Frame script loaded
1536523205805	Marionette	DEBUG	[8589934593] Frame script registered
1536523205894	Marionette	DEBUG	[8589934593] Check readyState uninitialized for about:blank
1536523205911	Marionette	DEBUG	[8589934593] Received DOM event DOMContentLoaded for file:///C:/Users/pgandhi/Documents/Selenium/Ex_Files_Python_Automation_Testing/Ex_Files_Python_Automation_Testing/Exercise%20Files/CH03/03_02/html_code_03_02.html
1536523205993	Marionette	DEBUG	[8589934593] Received DOM event pageshow for file:///C:/Users/pgandhi/Documents/Selenium/Ex_Files_Python_Automation_Testing/Ex_Files_Python_Automation_Testing/Exercise%20Files/CH03/03_02/html_code_03_02.html
1536523206342	Marionette	DEBUG	[8589934593] Canceled page load listener because no navigation has been detected
1536523209606	Marionette	DEBUG	[8589934593] Canceled page load listener because no navigation has been detected
1536523212842	Marionette	DEBUG	[8589934593] Canceled page load listener because no navigation has been detected
[Parent 38684, Gecko_IOThread] WARNING: pipe error: 109: file z:/build/build/src/ipc/chromium/src/chrome/common/ipc_channel_win.cc, line 346
[Child 15168, Chrome_ChildThread] WARNING: pipe error: 109: file z:/build/[Child 31276, Chrome_ChildThread] WARNINbG: upipe error: 109: file z:/build/build/src/ipc/chromium/src/chrome/common/ipc_channel_win.cc, line 346
ild/sr[c/ipc/chromium/src/chrome/common/ipc_channel_win.cc, line 346
[Child 15168, Chrome_ChildThread] WA[Parent 38684, Gecko_IOThread] WARNING: pipe error: 109: file z:/build/build/src/ipc/chromium/src/chrome/common/ipc_channel_win.cc, line 346
1536523218364	Marionette	INFO	Stopped listening on port 58500

###!!! [Child][MessageChannel::SendAndWait] Error: Channel error: cannot send/recv

1536523252393	geckodriver	INFO	geckodriver 0.21.0
1536523252419	geckodriver	INFO	Listening on 127.0.0.1:58551
1536523255086	mozrunner::runner	INFO	Running command: "C:\\Program Files\\Mozilla Firefox\\firefox.exe" "-marionette" "-foreground" "-no-remote" "-profile" "C:\\Users\\pgandhi\\AppData\\Local\\Temp\\rust_mozprofile.ubmblqfnZg2V"
1536523257877	Marionette	INFO	Listening on port 58559
1536523258037	Marionette	WARN	TLS certificate errors will be ignored for this session
1536523258086	Marionette	DEBUG	[6442450945] Frame script loaded
1536523258087	Marionette	DEBUG	[6442450945] Frame script registered
1536523258106	Marionette	DEBUG	[6442450945] Received DOM event beforeunload for about:blank
1536523258119	Marionette	DEBUG	[6442450945] Received DOM event pagehide for about:blank
1536523258120	Marionette	DEBUG	[6442450945] Received DOM event unload for about:blank
1536523258120	Marionette	DEBUG	[6442450945] Received observer notification outer-window-destroyed for 6442450945
[Parent 29472, Gecko_IOThread] WARNING: pipe error: 109: file z:/build/build/src/ipc/chromium/src/chrome/common/ipc_channel_win.cc, line 346
[Child 11004, Chrome_ChildThread] WARNING: pipe error: 109: file z:/build/build/src/ipc/chromium/src/chrome/common/ipc_channel_win.cc, line 346
[Child 11004, Chrome_ChildThread] WARNING: pipe error: 109: file z:/build/build/src/ipc/chromium/src/chrome/common/ipc_channel_win.cc, line 346
1536523258634	Marionette	DEBUG	[8589934593] Frame script loaded
1536523258635	Marionette	DEBUG	[8589934593] Frame script registered
1536523258691	Marionette	DEBUG	[8589934593] Check readyState uninitialized for about:blank
1536523258700	Marionette	DEBUG	[8589934593] Received DOM event DOMContentLoaded for file:///C:/Users/pgandhi/Documents/Selenium/Ex_Files_Python_Automation_Testing/Ex_Files_Python_Automation_Testing/Exercise%20Files/CH03/03_02/html_code_03_02.html
1536523258794	Marionette	DEBUG	[8589934593] Received DOM event pageshow for file:///C:/Users/pgandhi/Documents/Selenium/Ex_Files_Python_Automation_Testing/Ex_Files_Python_Automation_Testing/Exercise%20Files/CH03/03_02/html_code_03_02.html
1536523259135	Marionette	DEBUG	[8589934593] Canceled page load listener because no navigation has been detected
1536523262372	Marionette	DEBUG	[8589934593] Canceled page load listener because no navigation has been detected
1536523265652	Marionette	DEBUG	[8589934593] Canceled page load listener because no navigation has been detected
[Parent 29472, Gecko_IOThread] WARNING: pipe error: 109: file z:/build/build/src/ipc/chromium/src/chrome/common/ipc_channel_win.cc, line 346
[Child 37784, Chrome_ChildThread] WARNING: pipe error: 109: file z:/build/build/src/ipc/chromium/src/chrome/common/ipc_channel_win.cc, line 346
[Ch[Parent 29472, Gecko_IOThread] WARNING: pipe error: 109: file z:/build/build/src/ipc/chromium/src/chrome/common/ipc_channel_win.cc, line 346
[Child 37220, Chrome_ChildThread] WARNING: pipe error: 109: file z:/build/build/src/ipc/chromium/src/chrome/common/ipc_channel_win.cc, line 346
[Chi1536523697973	Marionette	INFO	Stopped listening on port 58559
[GP
###!!! [Child][MessageChannel::SendAndWait] Error: Channel error: cannot send/recv

hannel_win.cc, line 346
[Ch[Parent 20628, Gecko_IOThread] WARNING: file z:/build/build/src/ipc/chromium/src/base/process_util_win.cc, line 188
[Parent 20628, Gecko_IOThread] WARNING: pipe error: 109: file z:/build/build/src/ipc/chromium/src/chrome/common/ipc_channel_win.cc, line 346
[Child 31884, Chrome_ChildThread] WARNING: pipe error: 109: file z:/build/build/src/ipc/chromium/src/chrome/common/ipc_channel_win.cc, line 346
[Chi1536523695027	Marionette	INFO	Stopped listening on port 58985

###!!! [Child][MessageChannel::SendAndWait] Error: Channel error: cannot send/recv

1536523711630	geckodriver	INFO	geckodriver 0.21.0
1536523711650	geckodriver	INFO	Listening on 127.0.0.1:59060
1536523714562	mozrunner::runner	INFO	Running command: "C:\\Program Files\\Mozilla Firefox\\firefox.exe" "-marionette" "-foreground" "-no-remote" "-profile" "C:\\Users\\pgandhi\\AppData\\Local\\Temp\\rust_mozprofile.gONX6vmsoncj"
1536523717777	Marionette	INFO	Listening on port 59068
1536523717917	Marionette	WARN	TLS certificate errors will be ignored for this session
1536523717977	Marionette	DEBUG	[6442450945] Frame script loaded
1536523717984	Marionette	DEBUG	[6442450945] Frame script registered
[Parent 33860, Gecko_IOThread] WARNING: pipe error: 109: file z:/build/build/src/ipc/chromium/src/chrome/common/ipc_channel_win.cc, line 346
[Parent 33860, Gecko_IOThread] WARNING: pipe error: 109: file z:/build/build/src/ipc/chromium/src/chrome/common/ipc_channel_win.cc, line 346
[Child 30220, Chrome_ChildThread] WARNING: pipe error: 109: file z:/build/build/src/ipc/chromium/src/chrome/common/ipc_channel_win.cc, line 346
[Child 30[Parent 33860, Gecko_IOThread] WARNING: file z:/build/build/src/ipc/chromium/src/base/process_util_win.cc, line 188
1536525210521	Marionette	INFO	Stopped listening on port 59068
[GPU 7420, C
###!!! [Child][MessageChannel::SendAndWait] Error: Channel error: cannot send/recv

/common/ipc_channel_win.cc, line 346
[Parent 9280, Gecko_IOThread] WARNING: pipe error: 109: file z:/build/build/src/ipc/chromium/src/chrome/common/ipc_channel_win.cc, line 346
[Child 17468, Chrome_ChildThread] WARNING: pipe error: 109: file z:/build/build/src/ipc/chromium/src/chrome/common/ipc_channel_win.cc, line 346
[Child 31936, Chro[mChile_ChildThread] WARNING: pipe error: 109: file z:/build/build/src/ipc/chromium/src/chrome/common/ipc_channel_win.cc, line 346
[Parent 9280, Gecko_IOThread] WARNING: pipe error: 109: file z:/build/build/src/ipc/chromium/src/chrome/common/ipc_channel_win.cc, line 346
[Child 27104, Chrome_ChildThread] WARNING: pipe error: 109: file z:/build/build/src/ipc/chromium/src/chrome/common/ipc_channel_win.cc, line 346
1536525209165	Marionette	INFO	Stopped listening on port 59150
[GPU 
###!!! [Child][MessageChannel::SendAndWait] Error: Channel error: cannot send/recv


[Parent 20908, Gecko_IOThread] WARNING: pipe error: 109: file z:/build/build/src/ipc/chromium/src/chrome/common/ipc_channel_win.cc, line 346
[Child 27248, Chrome_ChildThread] WARNING: pipe error: 109: file z:/build/build/src/ipc/chromium/src/chrome/common/ipc_channel_win.cc, line 346
[Child 27248, Chrome_ChildThread] WARNING: pipe error: 109: file z:/build/build/src/ipc/chromium/src/chrome/common/ipc_channel_win.cc, line 346
[Parent 20908, Gecko_IOThread] WARNING: pipe error: 109: file z:/build/build/src/ipc/chromium/src/chrome/common/ipc_channel_win.cc, line 346
1536525208122	Marionette	INFO	Stopped listening on port 59242
[GP
###!!! [Child][MessageChannel::SendAndWait] Error: Channel error: cannot send/recv

ette	DEBUG	[6442450945] Received DOM event pagehide for about:blank
1536523946909	Marionette	DEBUG	[6442450945] Received DOM event DOMContentLoaded for http://jqueryui.com/droppable/
1536523947348	Marionette	DEBUG	[6442450945] Received DOM event pageshow for http://jqueryui.com/droppable/
[Parent 7544, Gecko_IOThread] WARNING: pipe error: 109: file z:/build/build/src/ipc/chromium/src/chrome/common/ipc_channel_win.cc, line 346
[Parent 7544, Gecko_IOThread] WARNING: pipe error: 109: file z:/build/build/src/ipc/chromium/src/chrome/common/ipc_channel_win.cc, line 346
[Parent 7544, Gecko_IOThread] WARNING: pipe error: 109: file z:/build/build/src/ipc/chromium/src/chrome/common/ipc_channel_win.cc, line 346
1536523997128	Marionette	INFO	Stopped listening on port 59386
[GP
###!!! [Child][MessageChannel::SendAndWait] Error: Channel error: cannot send/recv

[6442450945] Frame script registered
1536523980178	Marionette	DEBUG	[6442450945] Received DOM event beforeunload for about:blank
1536523980747	Marionette	DEBUG	[6442450945] Received DOM event pagehide for about:blank
1536523981509	Marionette	DEBUG	[6442450945] Received DOM event DOMContentLoaded for http://jqueryui.com/droppable/
1536523981933	Marionette	DEBUG	[6442450945] Received DOM event pageshow for http://jqueryui.com/droppable/
1536523989666	Marionette	INFO	Stopped listening on port 59460
[Parent 15992, Gecko_IOThread] WARNING: pipe error: 109: file z:/build/build/src/ipc/chromium/src/chrome/common/ipc_channel_win.cc, line 346
[Child 10764, Chrome_ChildThread] WARNING: pipe error: 109: file z:/build/build/src/ipc/chromium/src/chrome/common/ipc_channel_win.cc, line 346
[Child 10764, Chrome_ChildThread] WARNING: pipe error: 109: file z:/build/build/src/ipc/chromium/src/chrome/common/ipc_channel_win.cc, line 346
[Child 32936, Chrome_ChildThread] WARNING: pipe error: 109: file z:/build/build/src/ipc/chromium/src/chrome/common/ipc_channel_win.cc, line 346
[Chi[Parent 15992, Gecko_IOThread] WARNING: pipe error: 109: file z:/build/build/src/ipc/chromium/src/chrome/common/ipc_channel_win.cc, line 346
[Child 32416, Chrome_ChildThread] WARNING: pipe error: 109: file z:/build/build/src/ipc/chromium/src/chrome/common/ipc_channel_win.cc, line 346
[Child 324[GP
###!!! [Child][MessageChannel::SendAndWait] Error: Channel error: cannot send/recv

1536524599515	geckodriver	INFO	geckodriver 0.21.0
1536524599530	geckodriver	INFO	Listening on 127.0.0.1:60477
1536524602458	mozrunner::runner	INFO	Running command: "C:\\Program Files\\Mozilla Firefox\\firefox.exe" "-marionette" "-foreground" "-no-remote" "-profile" "C:\\Users\\pgandhi\\AppData\\Local\\Temp\\rust_mozprofile.ZNVebLnAhBBh"
1536524605029	Marionette	INFO	Listening on port 60492
1536524605311	Marionette	WARN	TLS certificate errors will be ignored for this session
1536524605358	Marionette	DEBUG	[6442450945] Frame script loaded
1536524605360	Marionette	DEBUG	[6442450945] Frame script registered
1536524605374	Marionette	DEBUG	[6442450945] Received DOM event beforeunload for about:blank
1536524605988	Marionette	DEBUG	[6442450945] Received DOM event pagehide for about:blank
1536524606462	Marionette	DEBUG	[6442450945] Received DOM event DOMContentLoaded for https://wiki.python.org/moin/FrontPage
1536524606816	Marionette	DEBUG	[6442450945] Received DOM event pageshow for https://wiki.python.org/moin/FrontPage
[Parent 34640, Gecko_IOThread] WARNING: pipe error: 109: file z:/build/build/src/ipc/chromium/src/chrome/common/ipc_channel_win.cc, line 346
[Parent 34640, Gecko_IOThread] WARNING: pipe error: 109: file z:/build/build/src/ipc/chromium/src/chrome/common/ipc_channel_win.cc, line 346
[Child 35728, Chrome_ChildThread] WARNING: pipe error: 109: file z:/build/build/src/ipc/chromium/src/chrome/common/ipc_channel_win.cc, line 346
[Chi1536525205898	Marionette	INFO	Stopped listening on port 60492
[GP
###!!! [Child][MessageChannel::SendAndWait] Error: Channel error: cannot send/recv

5] Frame script registered
1536524738707	Marionette	DEBUG	[6442450945] Received DOM event beforeunload for about:blank
1536524739333	Marionette	DEBUG	[6442450945] Received DOM event pagehide for about:blank
1536524739948	Marionette	DEBUG	[6442450945] Received DOM event DOMContentLoaded for https://wiki.python.org/moin/FrontPage
1536524740257	Marionette	DEBUG	[6442450945] Received DOM event pageshow for https://wiki.python.org/moin/FrontPage
[Parent 29496, Gecko_IOThread] WARNING: pipe error: 109: file z:/build/build/src/ipc/chromium/src/chrome/common/ipc_channel_win.cc, line 346
[Parent 29496, Gecko_IOThread] WARNING: pipe error: 109: file z:/build/build/src/ipc/chromium/src/chrome/common/ipc_channel_win.cc, line 346
[Child 200, Chrome_ChildThread] WARNING: pipe error: 109: file z:/build/build/src/ipc/chromium/src/chro[mCeh/iclod 8904, Chrome_ChildThread] WARNING: pipe error: 109: fimlmone z:/build/build/sr/c/ipc/chromipc_channel_win.cci, line 346
um/src/chrome/common/ipc_channel_win.cc, line 346
[Child 200, Chrome_ChildThread] WARNING: pipe error: 109: file z:/b[Child 8904, Chrome_ChildThread] WARNING: pipe error: 109: file z:/build/build/src/ipc/chromium/src/chrome/common/ipc_channel_win.cc, line 346
uild/build/src/ipc/chromium/src/chrome/common/ipc_channel_win.cc, line 346
[Parent 29496, Gecko_IOThread] WARNING: pipe error: 109: file z:/build/build/src/ipc/chromium/src/chrome/common/ipc_channel_win.cc, line 346
[Child 8884, Chrome_ChildThread] WARNING: pipe error: 109: file z:/build/build/src/ipc/chromium/src/chrome/common/ipc_channel_win.cc, line 346
[Ch1536525207122	Marionette	INFO	Stopped listening on port 60818
[GP
###!!! [Child][MessageChannel::SendAndWait] Error: Channel error: cannot send/recv

ne 346
[Child 39628, Chrome_ChildThread] WARNING: pipe error: 109: file z:/build/build/src/ipc/chromium/src/chrome/common/ipc_channel_win.cc, line 346
[Child 39628, Chrome_Chil[Parent 15992, Gecko_IOThread] WARNING: pipe error: 109: file z:/build/build/src/ipc/chromium/src/chrome/common/ipc_channel_win.cc, line 346
[GPU
###!!! [Child][MessageChannel::SendAndWait] Error: Channel error: cannot send/recv

1536525224404	geckodriver	INFO	geckodriver 0.21.0
1536525224437	geckodriver	INFO	Listening on 127.0.0.1:61812
1536525227114	mozrunner::runner	INFO	Running command: "C:\\Program Files\\Mozilla Firefox\\firefox.exe" "-marionette" "-foreground" "-no-remote" "-profile" "C:\\Users\\pgandhi\\AppData\\Local\\Temp\\rust_mozprofile.oMIfvolPpBk8"
1536525230132	Marionette	INFO	Listening on port 61824
1536525230508	Marionette	WARN	TLS certificate errors will be ignored for this session
1536525230613	Marionette	DEBUG	[6442450945] Frame script loaded
1536525230616	Marionette	DEBUG	[6442450945] Frame script registered
1536525230633	Marionette	DEBUG	[6442450945] Received DOM event beforeunload for about:blank
1536525231100	Marionette	DEBUG	[6442450945] Received DOM event pagehide for about:blank
1536525231978	Marionette	DEBUG	[6442450945] Received DOM event DOMContentLoaded for https://www.python.org/
1536525232844	Marionette	DEBUG	[6442450945] Received DOM event pageshow for https://www.python.org/
1536525232869	Marionette	INFO	Stopped listening on port 61824
[Parent 28888, Gecko_IOThread] WARNING: pipe error: 109: file z:/build/build/src/ipc/chromium/src/chrome/common/ipc_channel_win.cc, line 346
[Child 39804, Chrome_ChildThread] WARNING: pipe error: 109: file z:/build/build/src/ipc/chromium/src/chrome/common/ipc_channel_win.cc, line 346
[Parent 28888, Gecko_IOThread] WARNING: pipe error: 109: file z:/build/build/src/ipc/chromium/src/chrome/common/ipc_channel_win.cc, line 346

###!!! [Child][RunMessage] Error: Channel closing: too late to send/recv, messages will be lost


###!!! [Child][RunMessage] Error: Channel closing: too late to send/recv, messages will be lost


###!!! [Child][RunMessage] Error: Channel closing: too late to send/recv, messages will be lost


###!!! [Child][RunMessage] Error: Channel closing: too late to send/recv, messages will be lost


###!!! [Child][RunMessage] Error: Channel closing: too late to send/recv, messages will be lost


###!!! [Child][RunMessage] Error: Channel closing: too late to send/recv, messages will be lost


###!!! [Child][RunMessage] Error: Channel closing: too late to send/recv, messages will be lost

[Parent 28888, Gecko_IOThread] WARNING: pipe error: 109: file z:/build/build/src/ipc/chromium/src/chrome/common/ipc_channel_win.cc, line 346
[Child 15532, Chrome_ChildThread] WARNING: pipe error: 109: file z:/build/build/src/ipc/chromium/src/chrome/common/ipc_channel_win.cc, line 346
[Child 15[GPU
###!!! [Child][MessageChannel::SendAndWait] Error: Channel error: cannot send/recv

1536525551255	geckodriver	INFO	geckodriver 0.21.0
1536525551272	geckodriver	INFO	Listening on 127.0.0.1:62574
1536525553997	mozrunner::runner	INFO	Running command: "C:\\Program Files\\Mozilla Firefox\\firefox.exe" "-marionette" "-foreground" "-no-remote" "-profile" "C:\\Users\\pgandhi\\AppData\\Local\\Temp\\rust_mozprofile.m3BVf5hkPRo1"
1536525556837	Marionette	INFO	Listening on port 62586
1536525556920	Marionette	WARN	TLS certificate errors will be ignored for this session
1536525556990	Marionette	DEBUG	[6442450945] Frame script loaded
1536525556993	Marionette	DEBUG	[6442450945] Frame script registered
1536525557056	Marionette	DEBUG	[6442450945] Received DOM event beforeunload for about:blank
1536525557452	Marionette	DEBUG	[6442450945] Received DOM event pagehide for about:blank
1536525558186	Marionette	DEBUG	[6442450945] Received DOM event DOMContentLoaded for https://www.python.org/
1536525558657	Marionette	DEBUG	[6442450945] Received DOM event pageshow for https://www.python.org/
1536525558701	Marionette	INFO	Stopped listening on port 62586
[Parent 37604, Gecko_IOThread] WARNING: pipe error: 109: file z:/build/build/src/ipc/chromium/src/chrome/common/ipc_channel_win.cc, line 346
[G
###!!! [Child][MessageChannel::SendAndWait] Error: Channel error: cannot send/recv

